<?xml version="1.0" encoding="UTF-8"?>
<testng-results ignored="0" total="1" passed="1" failed="0" skipped="0">
  <reporter-output>
  </reporter-output>
  <suite started-at="2024-02-07T11:34:51 IST" name="Suite1" finished-at="2024-02-07T11:34:55 IST" duration-ms="3811">
    <groups>
    </groups>
    <test started-at="2024-02-07T11:34:51 IST" name="Grid" finished-at="2024-02-07T11:34:55 IST" duration-ms="3811">
      <class name="test.example.SeleniumRemote">
        <test-method signature="googleTest()[pri:0, instance:test.example.SeleniumRemote@5e81e5ac]" started-at="2024-02-07T11:34:51 IST" name="googleTest" finished-at="2024-02-07T11:34:55 IST" duration-ms="3792" status="PASS">
          <reporter-output>
          </reporter-output>
        </test-method> <!-- googleTest -->
      </class> <!-- test.example.SeleniumRemote -->
    </test> <!-- Grid -->
  </suite> <!-- Suite1 -->
</testng-results>
