<?xml version="1.0" encoding="UTF-8"?>
<testsuite xmlns:xsi="http://www.w3.org/2001/XMLSchema-instance" xsi:noNamespaceSchemaLocation="https://maven.apache.org/surefire/maven-surefire-plugin/xsd/surefire-test-report-3.0.xsd" version="3.0" name="TestSuite" time="4.338" tests="1" errors="0" skipped="0" failures="0">
  <properties>
[...]
</properties>
  <testcase name="googleTest" classname="test.example.SeleniumRemote" time="3.799">
    <system-out><![CDATA[11:34:51.453 [main] DEBUG org.testng.TestNG - suiteXmlPath: "/Users/nancychopra/workspace/Selenium/testsuites/grid.xml"
Selenium, API Testing, Software Testing & More QA Tutorials | Rahul Shetty Academy
]]></system-out>
    <system-err><![CDATA[Feb 07, 2024 11:34:51 AM org.openqa.selenium.remote.tracing.opentelemetry.OpenTelemetryTracer createTracer
INFO: Using OpenTelemetry for tracing
]]></system-err>
  </testcase>
</testsuite>